<?xml version="1.0" encoding="UTF-8"?>
<!-- Generated by org.testng.reporters.JUnitReportReporter -->
<testsuite hostname="DESKTOP-1L2U70G" failures="0" tests="1" name="testCases.TC001_AccountRegistrationTest" time="3.644" errors="0" timestamp="2025-01-16T11:20:35 IST" skipped="0">
  <testcase classname="testCases.TC001_AccountRegistrationTest" name="verify_account_registration" time="3.644"/>
</testsuite> <!-- testCases.TC001_AccountRegistrationTest -->
