<?xml version="1.0" encoding="UTF-8"?>
<!-- Generated by org.testng.reporters.JUnitReportReporter -->
<testsuite hostname="DESKTOP-1L2U70G" failures="0" tests="2" name="testNG.OrangeHRMTest" time="0.009" errors="0" timestamp="2025-01-06T15:02:48 IST" skipped="0">
  <testcase classname="testNG.OrangeHRMTest" name="f2" time="0.002"/>
  <system-out/>
  <testcase classname="testNG.OrangeHRMTest" name="f" time="0.007"/>
  <system-out/>
</testsuite> <!-- testNG.OrangeHRMTest -->
