<?xml version="1.0" encoding="UTF-8"?>
<!-- Generated by org.testng.reporters.JUnitReportReporter -->
<testsuite hostname="DESKTOP-1L2U70G" failures="0" tests="1" name="pageObjectModel.LoginTest" time="1.443" errors="0" timestamp="2025-01-10T22:05:02 IST" skipped="0">
  <testcase classname="pageObjectModel.LoginTest" name="testLogin" time="1.443"/>
  <system-out/>
</testsuite> <!-- pageObjectModel.LoginTest -->
